{"J:\\Docs\\itj-fullstack-bootcamp-2023-proyect-backend\\src\\controllers\\food.js": {"path":"J:\\Docs\\itj-fullstack-bootcamp-2023-proyect-backend\\src\\controllers\\food.js","statementMap":{"0":{"start":{"line":1,"column":20},"end":{"line":1,"column":47}},"1":{"start":{"line":3,"column":0},"end":{"line":13,"column":2}},"2":{"start":{"line":4,"column":2},"end":{"line":12,"column":3}},"3":{"start":{"line":5,"column":18},"end":{"line":5,"column":46}},"4":{"start":{"line":6,"column":4},"end":{"line":6,"column":31}},"5":{"start":{"line":8,"column":4},"end":{"line":8,"column":30}},"6":{"start":{"line":9,"column":4},"end":{"line":11,"column":7}},"7":{"start":{"line":15,"column":0},"end":{"line":25,"column":2}},"8":{"start":{"line":16,"column":2},"end":{"line":24,"column":3}},"9":{"start":{"line":17,"column":15},"end":{"line":17,"column":59}},"10":{"start":{"line":18,"column":4},"end":{"line":20,"column":7}},"11":{"start":{"line":22,"column":4},"end":{"line":22,"column":30}},"12":{"start":{"line":23,"column":4},"end":{"line":23,"column":60}},"13":{"start":{"line":27,"column":0},"end":{"line":37,"column":2}},"14":{"start":{"line":28,"column":2},"end":{"line":36,"column":3}},"15":{"start":{"line":29,"column":20},"end":{"line":29,"column":58}},"16":{"start":{"line":30,"column":4},"end":{"line":30,"column":76}},"17":{"start":{"line":32,"column":4},"end":{"line":32,"column":30}},"18":{"start":{"line":33,"column":4},"end":{"line":35,"column":7}},"19":{"start":{"line":39,"column":0},"end":{"line":49,"column":2}},"20":{"start":{"line":40,"column":2},"end":{"line":48,"column":3}},"21":{"start":{"line":41,"column":19},"end":{"line":41,"column":29}},"22":{"start":{"line":42,"column":21},"end":{"line":42,"column":29}},"23":{"start":{"line":43,"column":24},"end":{"line":43,"column":66}},"24":{"start":{"line":44,"column":4},"end":{"line":44,"column":38}},"25":{"start":{"line":46,"column":4},"end":{"line":46,"column":23}},"26":{"start":{"line":47,"column":4},"end":{"line":47,"column":56}},"27":{"start":{"line":51,"column":0},"end":{"line":60,"column":2}},"28":{"start":{"line":52,"column":2},"end":{"line":59,"column":3}},"29":{"start":{"line":53,"column":19},"end":{"line":53,"column":29}},"30":{"start":{"line":54,"column":4},"end":{"line":54,"column":37}},"31":{"start":{"line":55,"column":4},"end":{"line":55,"column":27}},"32":{"start":{"line":57,"column":4},"end":{"line":57,"column":23}},"33":{"start":{"line":58,"column":4},"end":{"line":58,"column":56}}},"fnMap":{"0":{"name":"(anonymous_0)","decl":{"start":{"line":3,"column":19},"end":{"line":3,"column":20}},"loc":{"start":{"line":3,"column":39},"end":{"line":13,"column":1}},"line":3},"1":{"name":"(anonymous_1)","decl":{"start":{"line":15,"column":22},"end":{"line":15,"column":23}},"loc":{"start":{"line":15,"column":42},"end":{"line":25,"column":1}},"line":15},"2":{"name":"(anonymous_2)","decl":{"start":{"line":27,"column":21},"end":{"line":27,"column":22}},"loc":{"start":{"line":27,"column":41},"end":{"line":37,"column":1}},"line":27},"3":{"name":"(anonymous_3)","decl":{"start":{"line":39,"column":21},"end":{"line":39,"column":22}},"loc":{"start":{"line":39,"column":41},"end":{"line":49,"column":1}},"line":39},"4":{"name":"(anonymous_4)","decl":{"start":{"line":51,"column":21},"end":{"line":51,"column":22}},"loc":{"start":{"line":51,"column":41},"end":{"line":60,"column":1}},"line":51}},"branchMap":{},"s":{"0":1,"1":1,"2":2,"3":2,"4":1,"5":1,"6":1,"7":1,"8":0,"9":0,"10":0,"11":0,"12":0,"13":1,"14":0,"15":0,"16":0,"17":0,"18":0,"19":1,"20":4,"21":4,"22":4,"23":4,"24":3,"25":1,"26":1,"27":1,"28":0,"29":0,"30":0,"31":0,"32":0,"33":0},"f":{"0":2,"1":0,"2":0,"3":4,"4":0},"b":{},"_coverageSchema":"1a1c01bbd47fc00a2c39e90264f33305004495a9","hash":"5cb72fd96bd86de127b461caa03209e21a1b954d"}
,"J:\\Docs\\itj-fullstack-bootcamp-2023-proyect-backend\\src\\models\\food.js": {"path":"J:\\Docs\\itj-fullstack-bootcamp-2023-proyect-backend\\src\\models\\food.js","statementMap":{"0":{"start":{"line":1,"column":17},"end":{"line":1,"column":36}},"1":{"start":{"line":2,"column":15},"end":{"line":2,"column":30}},"2":{"start":{"line":4,"column":19},"end":{"line":18,"column":2}},"3":{"start":{"line":20,"column":0},"end":{"line":20,"column":52}}},"fnMap":{},"branchMap":{},"s":{"0":2,"1":2,"2":2,"3":2},"f":{},"b":{},"_coverageSchema":"1a1c01bbd47fc00a2c39e90264f33305004495a9","hash":"1c2412f7954ca69ffb4ab477db96b14456e1d05e"}
,"J:\\Docs\\itj-fullstack-bootcamp-2023-proyect-backend\\src\\services\\food.js": {"path":"J:\\Docs\\itj-fullstack-bootcamp-2023-proyect-backend\\src\\services\\food.js","statementMap":{"0":{"start":{"line":1,"column":13},"end":{"line":1,"column":38}},"1":{"start":{"line":3,"column":0},"end":{"line":6,"column":2}},"2":{"start":{"line":4,"column":14},"end":{"line":4,"column":45}},"3":{"start":{"line":5,"column":2},"end":{"line":5,"column":15}},"4":{"start":{"line":8,"column":0},"end":{"line":11,"column":1}},"5":{"start":{"line":9,"column":16},"end":{"line":9,"column":53}},"6":{"start":{"line":10,"column":2},"end":{"line":10,"column":17}},"7":{"start":{"line":13,"column":0},"end":{"line":25,"column":2}},"8":{"start":{"line":14,"column":15},"end":{"line":22,"column":4}},"9":{"start":{"line":24,"column":2},"end":{"line":24,"column":27}},"10":{"start":{"line":27,"column":0},"end":{"line":31,"column":2}},"11":{"start":{"line":28,"column":2},"end":{"line":30,"column":12}},"12":{"start":{"line":33,"column":0},"end":{"line":35,"column":2}},"13":{"start":{"line":34,"column":2},"end":{"line":34,"column":42}}},"fnMap":{"0":{"name":"(anonymous_0)","decl":{"start":{"line":3,"column":19},"end":{"line":3,"column":20}},"loc":{"start":{"line":3,"column":31},"end":{"line":6,"column":1}},"line":3},"1":{"name":"(anonymous_1)","decl":{"start":{"line":8,"column":22},"end":{"line":8,"column":23}},"loc":{"start":{"line":8,"column":34},"end":{"line":11,"column":1}},"line":8},"2":{"name":"(anonymous_2)","decl":{"start":{"line":13,"column":21},"end":{"line":13,"column":22}},"loc":{"start":{"line":13,"column":44},"end":{"line":25,"column":1}},"line":13},"3":{"name":"(anonymous_3)","decl":{"start":{"line":27,"column":21},"end":{"line":27,"column":22}},"loc":{"start":{"line":27,"column":45},"end":{"line":31,"column":1}},"line":27},"4":{"name":"(anonymous_4)","decl":{"start":{"line":33,"column":21},"end":{"line":33,"column":22}},"loc":{"start":{"line":33,"column":35},"end":{"line":35,"column":1}},"line":33}},"branchMap":{},"s":{"0":2,"1":2,"2":0,"3":0,"4":2,"5":0,"6":0,"7":2,"8":0,"9":0,"10":2,"11":4,"12":2,"13":1},"f":{"0":0,"1":0,"2":0,"3":4,"4":1},"b":{},"_coverageSchema":"1a1c01bbd47fc00a2c39e90264f33305004495a9","hash":"c0ed4997d8e1c22bdc23edbb1e00a077e0a5e365"}
}
