TN:
SF:app.js
FN:15,(anonymous_0)
FN:23,(anonymous_1)
FNF:2
FNH:2
FNDA:1,(anonymous_0)
FNDA:1,(anonymous_1)
DA:1,1
DA:2,1
DA:3,1
DA:4,1
DA:5,1
DA:7,1
DA:8,1
DA:10,1
DA:11,1
DA:12,1
DA:13,1
DA:15,1
DA:16,1
DA:17,1
DA:19,0
DA:23,1
DA:24,1
DA:25,1
DA:28,1
LF:19
LH:18
BRF:0
BRH:0
end_of_record
TN:
SF:src\controllers\food.js
FN:3,(anonymous_0)
FN:15,(anonymous_1)
FN:27,(anonymous_2)
FN:39,(anonymous_3)
FN:51,(anonymous_4)
FNF:5
FNH:3
FNDA:3,(anonymous_0)
FNDA:0,(anonymous_1)
FNDA:2,(anonymous_2)
FNDA:4,(anonymous_3)
FNDA:0,(anonymous_4)
DA:1,2
DA:3,2
DA:4,3
DA:5,3
DA:6,2
DA:8,1
DA:9,1
DA:15,2
DA:16,0
DA:17,0
DA:18,0
DA:22,0
DA:23,0
DA:27,2
DA:28,2
DA:29,2
DA:30,1
DA:32,1
DA:33,1
DA:39,2
DA:40,4
DA:41,4
DA:42,4
DA:43,4
DA:44,3
DA:46,1
DA:47,1
DA:51,2
DA:52,0
DA:53,0
DA:54,0
DA:55,0
DA:57,0
DA:58,0
LF:34
LH:23
BRF:0
BRH:0
end_of_record
TN:
SF:src\controllers\order.js
FN:3,(anonymous_0)
FNF:1
FNH:0
FNDA:0,(anonymous_0)
DA:1,1
DA:3,1
DA:4,0
DA:5,0
DA:6,0
DA:8,0
DA:9,0
LF:7
LH:2
BRF:0
BRH:0
end_of_record
TN:
SF:src\models\food.js
FNF:0
FNH:0
DA:1,3
DA:2,3
DA:4,3
DA:20,3
LF:4
LH:4
BRF:0
BRH:0
end_of_record
TN:
SF:src\models\order.js
FNF:0
FNH:0
DA:1,1
DA:2,1
DA:4,1
DA:14,1
DA:20,1
LF:5
LH:5
BRF:0
BRH:0
end_of_record
TN:
SF:src\routes\food.js
FNF:0
FNH:0
DA:1,1
DA:2,1
DA:3,1
DA:5,1
DA:6,1
DA:7,1
DA:8,1
DA:9,1
DA:11,1
LF:9
LH:9
BRF:0
BRH:0
end_of_record
TN:
SF:src\routes\order.js
FNF:0
FNH:0
DA:1,1
DA:2,1
DA:3,1
DA:5,1
DA:7,1
LF:5
LH:5
BRF:0
BRH:0
end_of_record
TN:
SF:src\services\food.js
FN:3,(anonymous_0)
FN:8,(anonymous_1)
FN:13,(anonymous_2)
FN:27,(anonymous_3)
FN:33,(anonymous_4)
FNF:5
FNH:4
FNDA:1,(anonymous_0)
FNDA:0,(anonymous_1)
FNDA:2,(anonymous_2)
FNDA:4,(anonymous_3)
FNDA:1,(anonymous_4)
DA:1,3
DA:3,3
DA:4,1
DA:5,1
DA:8,3
DA:9,0
DA:10,0
DA:13,3
DA:14,2
DA:24,2
DA:27,3
DA:28,4
DA:33,3
DA:34,1
LF:14
LH:12
BRF:0
BRH:0
end_of_record
TN:
SF:src\services\order.js
FN:3,(anonymous_0)
FNF:1
FNH:0
FNDA:0,(anonymous_0)
DA:1,1
DA:3,1
DA:4,0
DA:9,0
LF:4
LH:2
BRF:0
BRH:0
end_of_record
